Arguments: 
  C:\Program Files\nodejs\node.exe C:\Users\uchoa\AppData\Roaming\npm\node_modules\yarn\bin\yarn.js init

PATH: 
  C:\Users\uchoa\bin;C:\Program Files\Git\mingw64\bin;C:\Program Files\Git\usr\local\bin;C:\Program Files\Git\usr\bin;C:\Program Files\Git\usr\bin;C:\Program Files\Git\mingw64\bin;C:\Program Files\Git\usr\bin;C:\Users\uchoa\bin;C:\Program Files\Common Files\Oracle\Java\javapath;C:\Program Files (x86)\Common Files\Oracle\Java\javapath;C:\Program Files (x86)\NVIDIA Corporation\PhysX\Common;C:\WINDOWS\system32;C:\WINDOWS;C:\WINDOWS\System32\Wbem;C:\WINDOWS\System32\WindowsPowerShell\v1.0;C:\WINDOWS\System32\OpenSSH;C:\Program Files\Git\cmd;C:\Program Files\nodejs;C:\Program Files\Docker\Docker\resources\bin;C:\ProgramData\DockerDesktop\version-bin;C:\Users\uchoa\Documentos\flutter;C:\Program Files\Microsoft SQL Server\150\Tools\Binn;C:\WINDOWS\system32;C:\WINDOWS;C:\WINDOWS\System32\Wbem;C:\WINDOWS\System32\WindowsPowerShell\v1.0;C:\WINDOWS\System32\OpenSSH;C:\Program Files (x86)\ZeroTier\One;C:\Users\uchoa\AppData\Roaming\Microsoft\Windows\Start Menu\Programs\Python 3.10;C:\Program Files\PuTTY;C:\Users\uchoa\AppData\Local\Programs\Python\Python311\Scripts;C:\Program Files\Java\jdk-21\bin;C:\Users\uchoa\AppData\Local\Microsoft\WindowsApps;C:\Users\uchoa\AppData\Local\Programs\Microsoft VS Code\bin;C:\Users\uchoa\AppData\Roaming\npm;C:\Program Files\heroku\bin;C:\Dart\dart-sdk\bin;C:\Users\uchoa\OneDrive\Documentos\flutter\bin;C:\MinGW\bin;C:\GnuWin32\bin;C:\Users\uchoa\AppData\Roaming\Microsoft\Windows\Start Menu\Programs\Python 3.10;C:\Users\uchoa\AppData\Local\Programs\Python\Python311\Scripts;C:\Program Files\Java\jdk-21\bin;C:\Users\uchoa\OneDrive\Área de Trabalho\Campo_minado\src;C:\Gradle\gradle-8.4\bin;C:\Program Files\Git\usr\bin\vendor_perl;C:\Program Files\Git\usr\bin\core_perl

Yarn version: 
  1.22.17

Node version: 
  16.13.1

Platform: 
  win32 x64

Trace: 
  Error: canceled
      at Interface.<anonymous> (C:\Users\uchoa\AppData\Roaming\npm\node_modules\yarn\lib\cli.js:137143:13)
      at Interface.emit (node:events:390:28)
      at Interface._ttyWrite (node:readline:1081:16)
      at ReadStream.onkeypress (node:readline:288:10)
      at ReadStream.emit (node:events:390:28)
      at emitKeys (node:internal/readline/utils:358:14)
      at emitKeys.next (<anonymous>)
      at ReadStream.onData (node:internal/readline/emitKeypressEvents:61:36)
      at ReadStream.emit (node:events:390:28)
      at addChunk (node:internal/streams/readable:315:12)

npm manifest: 
  No manifest

yarn manifest: 
  No manifest

Lockfile: 
  No lockfile
